<?xml version="1.0" encoding="UTF-8"?>
<!-- Generated by org.testng.reporters.JUnitReportReporter -->
<testsuite hostname="Priyankas-MacBook-Pro.local" failures="0" tests="1" name="com.w2a.testcases.LoginTest" time="3.140" errors="0" timestamp="2024-08-31T18:09:02 EDT" skipped="0">
  <testcase classname="com.w2a.testcases.LoginTest" name="loginAsBankManager" time="3.140"/>
</testsuite> <!-- com.w2a.testcases.LoginTest -->
